>NC_002695.2
106 genes found
1   tRNA-Ile               [228713,228789]	35  	(gat)
2   tRNA-Ala               [228832,228907]	34  	(tgc)
3   tRNA-Asp               [232258,232334]	35  	(gtc)
4   tRNA-Asp               [240482,240558]	35  	(gtc)
5   tRNA-Thr               [299983,300058]	34  	(cgt)
6   tRNA-Ser               [402034,402114]	38  	(gga)
7   tRNA-Arg               [657183,657259]	35  	(tct)
8   tRNA-Gln              c[776592,776666]	33  	(ctg)
9   tRNA-Gln              c[776704,776778]	33  	(ctg)
10  tRNA-Met              c[776827,776903]	35  	(cat)
11  tRNA-Gln              c[776919,776993]	33  	(ttg)
12  tRNA-Gln              c[777028,777102]	33  	(ttg)
13  tRNA-Leu              c[777126,777210]	35  	(tag)
14  tRNA-Met              c[777221,777297]	35  	(cat)
15  tRNA-Lys               [864980,865055]	34  	(ttt)
16  tRNA-Val               [865091,865166]	34  	(tac)
17  tRNA-Lys               [865169,865244]	34  	(ttt)
18  tRNA-Val               [865296,865371]	34  	(tac)
19  tRNA-Lys               [865375,865450]	34  	(ttt)
20  tRNA-Lys               [865597,865672]	34  	(ttt)
21  tRNA-Ser            c[1056962,1057049]	35  	(gga)
22  tRNA-Met             [1179419,1179494]	34  	(cat)
23  tRNA-Arg             [1179502,1179578]	35  	(tcg)
24  tRNA-Arg             [1179592,1179668]	35  	(tct)
25  tRNA-Ser            c[1210888,1210975]	35  	(tga)
26  tRNA-Met             [1266765,1266840]	34  	(cat)
27  tRNA-Arg             [1266850,1266926]	35  	(tcg)
28  tRNA-Arg             [1266940,1267016]	35  	(tct)
29  tRNA-Ser            c[1456846,1456933]	35  	(gga)
30  tRNA-Tyr            c[1732426,1732510]	35  	(gta)
31  tRNA-Tyr            c[1732720,1732804]	35  	(gta)
32  tRNA-Met             [1774079,1774154]	34  	(cat)
33  tRNA-Arg             [1774235,1774311]	35  	(tct)
34  tRNA-Met             [1940705,1940780]	34  	(cat)
35  tRNA-Arg             [1940881,1940957]	35  	(tct)
36  tRNA-Arg            c[2189651,2189727]	35  	(tct)
37  tRNA-Met            c[2189828,2189903]	34  	(cat)
38  tRNA-Arg            c[2240622,2240698]	35  	(tct)
39  tRNA-Arg            c[2240712,2240788]	35  	(tcg)
40  tRNA-Met            c[2240796,2240871]	34  	(cat)
41  tRNA-Val             [2346283,2346359]	35  	(gac)
42  tRNA-Val             [2346364,2346440]	35  	(gac)
43  tRNA-Leu            c[2614224,2614310]	35  	(taa)
44  tRNA-Cys            c[2614323,2614396]	33  	(gca)
45  tRNA-Gly            c[2614450,2614525]	34  	(gcc)
46  tRNA-Arg            c[2697893,2697969]	35  	(tct)
47  tRNA-Arg            c[2697983,2698059]	35  	(tcg)
48  tRNA-Met            c[2698067,2698142]	34  	(cat)
49  tRNA-Ser            c[2712172,2712261]	35  	(cga)
50  tRNA-Asn             [2713253,2713328]	34  	(gtt)
51  tRNA-Asn            c[2727634,2727709]	34  	(gtt)
52  tRNA-Asn             [2729458,2729533]	34  	(gtt)
53  tRNA-Asn             [2731866,2731941]	34  	(gtt)
54  tRNA-Ala             [2933083,2933165]	34  	(cgc)
55  tRNA-Pro             [3021276,3021352]	35  	(ggg)
56  tRNA-Arg             [3193042,3193116]	34  	(cct)
57  tRNA-Ala            c[3244958,3245033]	34  	(ggc)
58  tRNA-Ala            c[3245073,3245148]	34  	(ggc)
59  tRNA-Val             [3249595,3249670]	34  	(tac)
60  tRNA-Val             [3249715,3249790]	34  	(tac)
61  tRNA-Val             [3249837,3249912]	34  	(tac)
62  tRNA-Lys             [3249917,3249992]	34  	(ttt)
63  tRNA-Glu            c[3449707,3449782]	35  	(ttc)
64  tmRNA                [3475735,3476097]	90,125	ANDENYALAA**
65  tRNA-Met            c[3508074,3508149]	34  	(cat)
66  tRNA-Arg            c[3542069,3542145]	35  	(acg)
67  tRNA-Arg            c[3542248,3542324]	35  	(acg)
68  tRNA-Arg            c[3542387,3542463]	35  	(acg)
69  tRNA-Arg            c[3542528,3542604]	35  	(acg)
70  tRNA-Ser            c[3542608,3542700]	35  	(gct)
71  tRNA-Met             [3669914,3669990]	35  	(cat)
72  tRNA-Met             [3670024,3670100]	35  	(cat)
73  tRNA-Met             [3670134,3670210]	35  	(cat)
74  tRNA-Gly            c[3737441,3737514]	33  	(ccc)
75  tRNA-Phe             [3852087,3852162]	34  	(gaa)
76  tRNA-Met             [3955257,3955332]	34  	(cat)
77  tRNA-Met            c[4060839,4060915]	35  	(cat)
78  tRNA-Leu            c[4064698,4064784]	35  	(gag)
79  tRNA-Thr            c[4158713,4158788]	34  	(ggt)
80  tRNA-Ala            c[4162099,4162174]	34  	(tgc)
81  tRNA-Ile            c[4162217,4162293]	35  	(gat)
82  tRNA-Pro            c[4450564,4450640]	35  	(cgg)
83  tRNA-SeC             [4580894,4580988]	35  	(tca)
84  tRNA-Glu             [4737004,4737079]	35  	(ttc)
85  tRNA-Asp             [4740442,4740518]	35  	(gtc)
86  tRNA-Trp             [4740527,4740602]	34  	(cca)
87  tRNA-Arg             [4775907,4775983]	35  	(ccg)
88  tRNA-His             [4776042,4776117]	34  	(gtg)
89  tRNA-Leu             [4776138,4776224]	35  	(cag)
90  tRNA-Pro             [4776267,4776341]	35  	(tgg)
91  tRNA-Leu             [4776364,4776450]	35  	(cag)
92  tRNA-Pro             [4776493,4776569]	35  	(tgg)
93  tRNA-Ile             [4833391,4833467]	35  	(gat)
94  tRNA-Ala             [4833510,4833585]	34  	(tgc)
95  tRNA-Glu             [4977681,4977756]	35  	(ttc)
96  tRNA-Thr             [4984532,4984607]	34  	(tgt)
97  tRNA-Tyr             [4984616,4984700]	35  	(gta)
98  tRNA-Gly             [4984817,4984891]	34  	(tcc)
99  tRNA-Thr             [4984898,4984973]	34  	(ggt)
100 tRNA-Glu             [5018707,5018782]	35  	(ttc)
101 tRNA-Phe            c[5217129,5217204]	34  	(gaa)
102 tRNA-Gly             [5246212,5246287]	34  	(gcc)
103 tRNA-Gly             [5246324,5246399]	34  	(gcc)
104 tRNA-Gly             [5246435,5246510]	34  	(gcc)
105 tRNA-Leu             [5347126,5347210]	35  	(caa)
106 tRNA-Leu            c[5464566,5464652]	35  	(cag)
>NC_002127.1
0 genes found
>NC_002128.1
0 genes found
>end 	3 sequences 105 tRNA genes 1 tmRNA genes, nothing found in 2 sequences, (33.33% sensitivity)
