>NC_000913.3 Escherichia coli str. K-12 substr. MG1655, complete genome
89 genes found
1   tRNA-Ile               [225381,225457]	35  	(gat)
2   tRNA-Ala               [225500,225575]	34  	(tgc)
3   tRNA-Asp               [228928,229004]	35  	(gtc)
4   tRNA-Asp               [236931,237007]	35  	(gtc)
5   tRNA-Thr               [262871,262946]	34  	(cgt)
6   tRNA-Ser               [345334,345414]	38  	(gga)
7   tRNA-Arg               [564723,564799]	35  	(tct)
8   tRNA-Gln              c[696430,696504]	33  	(ctg)
9   tRNA-Gln              c[696542,696616]	33  	(ctg)
10  tRNA-Met              c[696664,696740]	35  	(cat)
11  tRNA-Gln              c[696756,696830]	33  	(ttg)
12  tRNA-Gln              c[696865,696939]	33  	(ttg)
13  tRNA-Leu              c[696963,697047]	35  	(tag)
14  tRNA-Met              c[697057,697133]	35  	(cat)
15  tRNA-Lys               [780554,780629]	34  	(ttt)
16  tRNA-Val               [780765,780840]	34  	(tac)
17  tRNA-Lys               [780843,780918]	34  	(ttt)
18  tRNA-Val               [781068,781143]	34  	(tac)
19  tRNA-Lys               [781147,781222]	34  	(ttt)
20  tRNA-Lys               [781369,781444]	34  	(ttt)
21  tRNA-Lys               [781577,781652]	34  	(ttt)
22  tRNA-Ser              c[925884,925971]	35  	(gga)
23  tRNA-Ser            c[1031625,1031712]	35  	(tga)
24  tRNA-Ser            c[1097565,1097652]	35  	(gga)
25  tRNA-Tyr            c[1287244,1287328]	35  	(gta)
26  tRNA-Tyr            c[1287538,1287622]	35  	(gta)
27  tRNA-Val             [1746435,1746511]	35  	(gac)
28  tRNA-Val             [1746516,1746592]	35  	(gac)
29  tRNA-Leu            c[1991815,1991901]	35  	(taa)
30  tRNA-Cys            c[1991914,1991987]	33  	(gca)
31  tRNA-Gly            c[1992042,1992117]	34  	(gcc)
32  tRNA-Ser            c[2043468,2043557]	35  	(cga)
33  tRNA-Asn             [2044549,2044624]	34  	(gtt)
34  tRNA-Asn            c[2058027,2058102]	34  	(gtt)
35  tRNA-Asn             [2059851,2059926]	34  	(gtt)
36  tRNA-Asn             [2062260,2062335]	34  	(gtt)
37  tRNA-Pro             [2286211,2286287]	35  	(ggg)
38  tRNA-Arg             [2466309,2466383]	34  	(cct)
39  tRNA-Ala            c[2518041,2518116]	34  	(ggc)
40  tRNA-Ala            c[2518156,2518231]	34  	(ggc)
41  tRNA-Val             [2520931,2521006]	34  	(tac)
42  tRNA-Val             [2521051,2521126]	34  	(tac)
43  tRNA-Val             [2521173,2521248]	34  	(tac)
44  tRNA-Lys             [2521253,2521328]	34  	(ttt)
45  tRNA-Glu            c[2729369,2729444]	35  	(ttc)
46  tmRNA                [2755593,2755955]	90,125	ANDENYALAA**
47  tRNA-Met            c[2785762,2785837]	34  	(cat)
48  tRNA-Arg            c[2817784,2817860]	35  	(acg)
49  tRNA-Arg            c[2818059,2818135]	35  	(acg)
50  tRNA-Arg            c[2818198,2818274]	35  	(acg)
51  tRNA-Arg             [2818458,2818529]	34  	(tcg)
52  tRNA-Arg            c[2818473,2818549]	35  	(acg)
53  tRNA-Ser            c[2818553,2818645]	35  	(gct)
54  tRNA-Met             [2947387,2947463]	35  	(cat)
55  tRNA-Met             [2947497,2947573]	35  	(cat)
56  tRNA-Met             [2947607,2947683]	35  	(cat)
57  tRNA-Gly            c[2998984,2999057]	33  	(ccc)
58  tRNA-Phe             [3110366,3110441]	34  	(gaa)
59  tRNA-Met             [3215598,3215673]	34  	(cat)
60  tRNA-Met            c[3318213,3318289]	35  	(cat)
61  tRNA-Leu            c[3322072,3322158]	35  	(gag)
62  tRNA-Thr            c[3423580,3423655]	34  	(ggt)
63  tRNA-Ala            c[3426958,3427033]	34  	(tgc)
64  tRNA-Ile            c[3427076,3427152]	35  	(gat)
65  tRNA-Pro            c[3708616,3708692]	35  	(cgg)
66  tRNA-SeC             [3836222,3836316]	35  	(tca)
67  tRNA-Glu             [3943435,3943510]	35  	(ttc)
68  tRNA-Asp             [3946872,3946948]	35  	(gtc)
69  tRNA-Trp             [3946957,3947032]	34  	(cca)
70  tRNA-Arg             [3982375,3982451]	35  	(ccg)
71  tRNA-His             [3982510,3982585]	34  	(gtg)
72  tRNA-Leu             [3982606,3982692]	35  	(cag)
73  tRNA-Pro             [3982735,3982811]	35  	(tgg)
74  tRNA-Ile             [4037141,4037217]	35  	(gat)
75  tRNA-Ala             [4037260,4037335]	34  	(tgc)
76  tRNA-Glu             [4168372,4168447]	35  	(ttc)
77  tRNA-Thr             [4175388,4175463]	34  	(tgt)
78  tRNA-Tyr             [4175472,4175556]	35  	(gta)
79  tRNA-Gly             [4175673,4175747]	34  	(tcc)
80  tRNA-Thr             [4175754,4175829]	34  	(ggt)
81  tRNA-Glu             [4209774,4209849]	35  	(ttc)
82  tRNA-Phe            c[4362551,4362626]	34  	(gaa)
83  tRNA-Gly             [4392360,4392435]	34  	(gcc)
84  tRNA-Gly             [4392472,4392547]	34  	(gcc)
85  tRNA-Gly             [4392583,4392658]	34  	(gcc)
86  tRNA-Leu             [4496405,4496489]	35  	(caa)
87  tRNA-Leu            c[4606079,4606165]	35  	(cag)
88  tRNA-Leu            c[4606200,4606286]	35  	(cag)
89  tRNA-Leu            c[4606315,4606401]	35  	(cag)
